{"/Users/debidyadav/Documents/FoodDelightFrontend/src/index.tsx": {"path":"/Users/debidyadav/Documents/FoodDelightFrontend/src/index.tsx","statementMap":{"0":{"start":{"line":7,"column":13},"end":{"line":9,"column":1}},"1":{"start":{"line":11,"column":0},"end":{"line":17,"column":2}}},"fnMap":{},"branchMap":{},"s":{"0":0,"1":0},"f":{},"b":{}}
,"/Users/debidyadav/Documents/FoodDelightFrontend/src/components/common/CardComponent.tsx": {"path":"/Users/debidyadav/Documents/FoodDelightFrontend/src/components/common/CardComponent.tsx","statementMap":{"0":{"start":{"line":5,"column":52},"end":{"line":48,"column":1}},"1":{"start":{"line":6,"column":38},"end":{"line":6,"column":48}},"2":{"start":{"line":8,"column":2},"end":{"line":47,"column":4}},"3":{"start":{"line":21,"column":8},"end":{"line":21,"column":56}},"4":{"start":{"line":22,"column":8},"end":{"line":22,"column":71}},"5":{"start":{"line":25,"column":8},"end":{"line":25,"column":53}},"6":{"start":{"line":26,"column":8},"end":{"line":26,"column":70}}},"fnMap":{"0":{"name":"(anonymous_0)","decl":{"start":{"line":5,"column":52},"end":{"line":5,"column":53}},"loc":{"start":{"line":5,"column":72},"end":{"line":48,"column":1}},"line":5},"1":{"name":"(anonymous_1)","decl":{"start":{"line":20,"column":20},"end":{"line":20,"column":21}},"loc":{"start":{"line":20,"column":27},"end":{"line":23,"column":7}},"line":20},"2":{"name":"(anonymous_2)","decl":{"start":{"line":24,"column":20},"end":{"line":24,"column":21}},"loc":{"start":{"line":24,"column":27},"end":{"line":27,"column":7}},"line":24}},"branchMap":{},"s":{"0":0,"1":0,"2":0,"3":0,"4":0,"5":0,"6":0},"f":{"0":0,"1":0,"2":0},"b":{}}
,"/Users/debidyadav/Documents/FoodDelightFrontend/src/components/common/SearchBar.tsx": {"path":"/Users/debidyadav/Documents/FoodDelightFrontend/src/components/common/SearchBar.tsx","statementMap":{"0":{"start":{"line":7,"column":44},"end":{"line":60,"column":1}},"1":{"start":{"line":8,"column":38},"end":{"line":8,"column":58}},"2":{"start":{"line":9,"column":32},"end":{"line":9,"column":56}},"3":{"start":{"line":11,"column":23},"end":{"line":22,"column":3}},"4":{"start":{"line":12,"column":4},"end":{"line":12,"column":23}},"5":{"start":{"line":13,"column":4},"end":{"line":13,"column":21}},"6":{"start":{"line":15,"column":4},"end":{"line":21,"column":5}},"7":{"start":{"line":16,"column":6},"end":{"line":16,"column":33}},"8":{"start":{"line":18,"column":6},"end":{"line":18,"column":45}},"9":{"start":{"line":20,"column":6},"end":{"line":20,"column":24}},"10":{"start":{"line":24,"column":2},"end":{"line":59,"column":4}},"11":{"start":{"line":30,"column":27},"end":{"line":30,"column":56}}},"fnMap":{"0":{"name":"(anonymous_0)","decl":{"start":{"line":7,"column":44},"end":{"line":7,"column":45}},"loc":{"start":{"line":7,"column":62},"end":{"line":60,"column":1}},"line":7},"1":{"name":"(anonymous_1)","decl":{"start":{"line":11,"column":23},"end":{"line":11,"column":24}},"loc":{"start":{"line":11,"column":53},"end":{"line":22,"column":3}},"line":11},"2":{"name":"(anonymous_2)","decl":{"start":{"line":30,"column":20},"end":{"line":30,"column":21}},"loc":{"start":{"line":30,"column":27},"end":{"line":30,"column":56}},"line":30}},"branchMap":{"0":{"loc":{"start":{"line":51,"column":20},"end":{"line":51,"column":55}},"type":"cond-expr","locations":[{"start":{"line":51,"column":30},"end":{"line":51,"column":43}},{"start":{"line":51,"column":46},"end":{"line":51,"column":55}}],"line":51},"1":{"loc":{"start":{"line":52,"column":21},"end":{"line":52,"column":38}},"type":"cond-expr","locations":[{"start":{"line":52,"column":31},"end":{"line":52,"column":34}},{"start":{"line":52,"column":37},"end":{"line":52,"column":38}}],"line":52},"2":{"loc":{"start":{"line":55,"column":11},"end":{"line":55,"column":46}},"type":"cond-expr","locations":[{"start":{"line":55,"column":21},"end":{"line":55,"column":35}},{"start":{"line":55,"column":38},"end":{"line":55,"column":46}}],"line":55}},"s":{"0":1,"1":16,"2":16,"3":16,"4":3,"5":3,"6":3,"7":3,"8":0,"9":3,"10":16,"11":4},"f":{"0":16,"1":3,"2":4},"b":{"0":[3,13],"1":[3,13],"2":[3,13]},"_coverageSchema":"1a1c01bbd47fc00a2c39e90264f33305004495a9","hash":"3cf9d8fe757e8c3d614fe4be4e0cd03cdbb21b0e"}
,"/Users/debidyadav/Documents/FoodDelightFrontend/src/components/forms/LoginForm.tsx": {"path":"/Users/debidyadav/Documents/FoodDelightFrontend/src/components/forms/LoginForm.tsx","statementMap":{"0":{"start":{"line":8,"column":28},"end":{"line":158,"column":1}},"1":{"start":{"line":9,"column":21},"end":{"line":9,"column":34}},"2":{"start":{"line":10,"column":36},"end":{"line":13,"column":6}},"3":{"start":{"line":14,"column":32},"end":{"line":14,"column":68}},"4":{"start":{"line":15,"column":34},"end":{"line":15,"column":49}},"5":{"start":{"line":17,"column":25},"end":{"line":32,"column":5}},"6":{"start":{"line":18,"column":50},"end":{"line":18,"column":52}},"7":{"start":{"line":20,"column":8},"end":{"line":24,"column":9}},"8":{"start":{"line":21,"column":12},"end":{"line":21,"column":60}},"9":{"start":{"line":22,"column":15},"end":{"line":24,"column":9}},"10":{"start":{"line":23,"column":12},"end":{"line":23,"column":59}},"11":{"start":{"line":26,"column":8},"end":{"line":28,"column":9}},"12":{"start":{"line":27,"column":12},"end":{"line":27,"column":63}},"13":{"start":{"line":30,"column":8},"end":{"line":30,"column":29}},"14":{"start":{"line":31,"column":8},"end":{"line":31,"column":51}},"15":{"start":{"line":34,"column":25},"end":{"line":47,"column":5}},"16":{"start":{"line":35,"column":32},"end":{"line":35,"column":40}},"17":{"start":{"line":36,"column":8},"end":{"line":39,"column":11}},"18":{"start":{"line":41,"column":8},"end":{"line":46,"column":9}},"19":{"start":{"line":42,"column":12},"end":{"line":45,"column":15}},"20":{"start":{"line":49,"column":25},"end":{"line":73,"column":5}},"21":{"start":{"line":50,"column":8},"end":{"line":50,"column":31}},"22":{"start":{"line":52,"column":8},"end":{"line":54,"column":9}},"23":{"start":{"line":53,"column":12},"end":{"line":53,"column":19}},"24":{"start":{"line":56,"column":8},"end":{"line":56,"column":25}},"25":{"start":{"line":58,"column":8},"end":{"line":72,"column":9}},"26":{"start":{"line":59,"column":29},"end":{"line":59,"column":58}},"27":{"start":{"line":61,"column":12},"end":{"line":66,"column":13}},"28":{"start":{"line":62,"column":16},"end":{"line":62,"column":48}},"29":{"start":{"line":63,"column":16},"end":{"line":63,"column":38}},"30":{"start":{"line":65,"column":16},"end":{"line":65,"column":93}},"31":{"start":{"line":68,"column":12},"end":{"line":68,"column":49}},"32":{"start":{"line":69,"column":12},"end":{"line":69,"column":69}},"33":{"start":{"line":71,"column":12},"end":{"line":71,"column":30}},"34":{"start":{"line":75,"column":4},"end":{"line":157,"column":6}}},"fnMap":{"0":{"name":"(anonymous_0)","decl":{"start":{"line":8,"column":28},"end":{"line":8,"column":29}},"loc":{"start":{"line":8,"column":34},"end":{"line":158,"column":1}},"line":8},"1":{"name":"(anonymous_1)","decl":{"start":{"line":17,"column":25},"end":{"line":17,"column":26}},"loc":{"start":{"line":17,"column":40},"end":{"line":32,"column":5}},"line":17},"2":{"name":"(anonymous_2)","decl":{"start":{"line":34,"column":25},"end":{"line":34,"column":26}},"loc":{"start":{"line":34,"column":69},"end":{"line":47,"column":5}},"line":34},"3":{"name":"(anonymous_3)","decl":{"start":{"line":49,"column":25},"end":{"line":49,"column":26}},"loc":{"start":{"line":49,"column":59},"end":{"line":73,"column":5}},"line":49}},"branchMap":{"0":{"loc":{"start":{"line":20,"column":8},"end":{"line":24,"column":9}},"type":"if","locations":[{"start":{"line":20,"column":8},"end":{"line":24,"column":9}},{"start":{"line":22,"column":15},"end":{"line":24,"column":9}}],"line":20},"1":{"loc":{"start":{"line":22,"column":15},"end":{"line":24,"column":9}},"type":"if","locations":[{"start":{"line":22,"column":15},"end":{"line":24,"column":9}},{"start":{},"end":{}}],"line":22},"2":{"loc":{"start":{"line":26,"column":8},"end":{"line":28,"column":9}},"type":"if","locations":[{"start":{"line":26,"column":8},"end":{"line":28,"column":9}},{"start":{},"end":{}}],"line":26},"3":{"loc":{"start":{"line":41,"column":8},"end":{"line":46,"column":9}},"type":"if","locations":[{"start":{"line":41,"column":8},"end":{"line":46,"column":9}},{"start":{},"end":{}}],"line":41},"4":{"loc":{"start":{"line":52,"column":8},"end":{"line":54,"column":9}},"type":"if","locations":[{"start":{"line":52,"column":8},"end":{"line":54,"column":9}},{"start":{},"end":{}}],"line":52},"5":{"loc":{"start":{"line":61,"column":12},"end":{"line":66,"column":13}},"type":"if","locations":[{"start":{"line":61,"column":12},"end":{"line":66,"column":13}},{"start":{"line":64,"column":19},"end":{"line":66,"column":13}}],"line":61},"6":{"loc":{"start":{"line":65,"column":35},"end":{"line":65,"column":89}},"type":"binary-expr","locations":[{"start":{"line":65,"column":35},"end":{"line":65,"column":51}},{"start":{"line":65,"column":55},"end":{"line":65,"column":89}}],"line":65},"7":{"loc":{"start":{"line":99,"column":49},"end":{"line":99,"column":82}},"type":"cond-expr","locations":[{"start":{"line":99,"column":64},"end":{"line":99,"column":73}},{"start":{"line":99,"column":76},"end":{"line":99,"column":82}}],"line":99},"8":{"loc":{"start":{"line":105,"column":21},"end":{"line":109,"column":21}},"type":"binary-expr","locations":[{"start":{"line":105,"column":21},"end":{"line":105,"column":33}},{"start":{"line":106,"column":24},"end":{"line":108,"column":30}}],"line":105},"9":{"loc":{"start":{"line":125,"column":49},"end":{"line":125,"column":85}},"type":"cond-expr","locations":[{"start":{"line":125,"column":67},"end":{"line":125,"column":76}},{"start":{"line":125,"column":79},"end":{"line":125,"column":85}}],"line":125},"10":{"loc":{"start":{"line":131,"column":21},"end":{"line":135,"column":21}},"type":"binary-expr","locations":[{"start":{"line":131,"column":21},"end":{"line":131,"column":36}},{"start":{"line":132,"column":24},"end":{"line":134,"column":30}}],"line":131},"11":{"loc":{"start":{"line":149,"column":32},"end":{"line":149,"column":67}},"type":"cond-expr","locations":[{"start":{"line":149,"column":42},"end":{"line":149,"column":55}},{"start":{"line":149,"column":58},"end":{"line":149,"column":67}}],"line":149},"12":{"loc":{"start":{"line":150,"column":33},"end":{"line":150,"column":50}},"type":"cond-expr","locations":[{"start":{"line":150,"column":43},"end":{"line":150,"column":46}},{"start":{"line":150,"column":49},"end":{"line":150,"column":50}}],"line":150},"13":{"loc":{"start":{"line":153,"column":21},"end":{"line":153,"column":58}},"type":"cond-expr","locations":[{"start":{"line":153,"column":31},"end":{"line":153,"column":46}},{"start":{"line":153,"column":49},"end":{"line":153,"column":58}}],"line":153}},"s":{"0":1,"1":23,"2":23,"3":23,"4":23,"5":23,"6":4,"7":4,"8":1,"9":3,"10":0,"11":4,"12":1,"13":4,"14":4,"15":23,"16":8,"17":8,"18":8,"19":0,"20":23,"21":4,"22":4,"23":1,"24":3,"25":3,"26":3,"27":3,"28":3,"29":3,"30":0,"31":0,"32":0,"33":3,"34":23},"f":{"0":23,"1":4,"2":8,"3":4},"b":{"0":[1,3],"1":[0,3],"2":[1,3],"3":[0,8],"4":[1,3],"5":[3,0],"6":[0,0],"7":[1,22],"8":[23,1],"9":[1,22],"10":[23,1],"11":[3,20],"12":[3,20],"13":[3,20]},"_coverageSchema":"1a1c01bbd47fc00a2c39e90264f33305004495a9","hash":"1642d2cb3af80ae0cbc3f7fd4aa639f054e8ea53"}
,"/Users/debidyadav/Documents/FoodDelightFrontend/src/components/forms/SignUpForm.tsx": {"path":"/Users/debidyadav/Documents/FoodDelightFrontend/src/components/forms/SignUpForm.tsx","statementMap":{"0":{"start":{"line":8,"column":29},"end":{"line":233,"column":1}},"1":{"start":{"line":9,"column":21},"end":{"line":9,"column":34}},"2":{"start":{"line":10,"column":36},"end":{"line":15,"column":6}},"3":{"start":{"line":16,"column":32},"end":{"line":16,"column":69}},"4":{"start":{"line":17,"column":34},"end":{"line":17,"column":49}},"5":{"start":{"line":19,"column":25},"end":{"line":48,"column":5}},"6":{"start":{"line":20,"column":51},"end":{"line":20,"column":53}},"7":{"start":{"line":22,"column":8},"end":{"line":26,"column":9}},"8":{"start":{"line":23,"column":12},"end":{"line":23,"column":63}},"9":{"start":{"line":24,"column":15},"end":{"line":26,"column":9}},"10":{"start":{"line":25,"column":12},"end":{"line":25,"column":80}},"11":{"start":{"line":28,"column":8},"end":{"line":32,"column":9}},"12":{"start":{"line":29,"column":12},"end":{"line":29,"column":60}},"13":{"start":{"line":30,"column":15},"end":{"line":32,"column":9}},"14":{"start":{"line":31,"column":12},"end":{"line":31,"column":59}},"15":{"start":{"line":34,"column":8},"end":{"line":38,"column":9}},"16":{"start":{"line":35,"column":12},"end":{"line":35,"column":63}},"17":{"start":{"line":36,"column":15},"end":{"line":38,"column":9}},"18":{"start":{"line":37,"column":12},"end":{"line":37,"column":106}},"19":{"start":{"line":40,"column":8},"end":{"line":44,"column":9}},"20":{"start":{"line":41,"column":12},"end":{"line":41,"column":70}},"21":{"start":{"line":42,"column":15},"end":{"line":44,"column":9}},"22":{"start":{"line":43,"column":12},"end":{"line":43,"column":73}},"23":{"start":{"line":46,"column":8},"end":{"line":46,"column":29}},"24":{"start":{"line":47,"column":8},"end":{"line":47,"column":51}},"25":{"start":{"line":50,"column":25},"end":{"line":63,"column":5}},"26":{"start":{"line":51,"column":32},"end":{"line":51,"column":40}},"27":{"start":{"line":52,"column":8},"end":{"line":55,"column":11}},"28":{"start":{"line":57,"column":8},"end":{"line":62,"column":9}},"29":{"start":{"line":58,"column":12},"end":{"line":61,"column":15}},"30":{"start":{"line":65,"column":25},"end":{"line":96,"column":5}},"31":{"start":{"line":66,"column":8},"end":{"line":66,"column":27}},"32":{"start":{"line":68,"column":8},"end":{"line":70,"column":9}},"33":{"start":{"line":69,"column":12},"end":{"line":69,"column":19}},"34":{"start":{"line":72,"column":8},"end":{"line":72,"column":25}},"35":{"start":{"line":74,"column":8},"end":{"line":95,"column":9}},"36":{"start":{"line":75,"column":28},"end":{"line":80,"column":13}},"37":{"start":{"line":82,"column":29},"end":{"line":82,"column":55}},"38":{"start":{"line":84,"column":12},"end":{"line":89,"column":13}},"39":{"start":{"line":85,"column":16},"end":{"line":85,"column":55}},"40":{"start":{"line":86,"column":16},"end":{"line":86,"column":39}},"41":{"start":{"line":88,"column":16},"end":{"line":88,"column":93}},"42":{"start":{"line":91,"column":12},"end":{"line":91,"column":56}},"43":{"start":{"line":92,"column":12},"end":{"line":92,"column":69}},"44":{"start":{"line":94,"column":12},"end":{"line":94,"column":30}},"45":{"start":{"line":98,"column":4},"end":{"line":232,"column":6}}},"fnMap":{"0":{"name":"(anonymous_0)","decl":{"start":{"line":8,"column":29},"end":{"line":8,"column":30}},"loc":{"start":{"line":8,"column":35},"end":{"line":233,"column":1}},"line":8},"1":{"name":"(anonymous_1)","decl":{"start":{"line":19,"column":25},"end":{"line":19,"column":26}},"loc":{"start":{"line":19,"column":40},"end":{"line":48,"column":5}},"line":19},"2":{"name":"(anonymous_2)","decl":{"start":{"line":50,"column":25},"end":{"line":50,"column":26}},"loc":{"start":{"line":50,"column":69},"end":{"line":63,"column":5}},"line":50},"3":{"name":"(anonymous_3)","decl":{"start":{"line":65,"column":25},"end":{"line":65,"column":26}},"loc":{"start":{"line":65,"column":72},"end":{"line":96,"column":5}},"line":65}},"branchMap":{"0":{"loc":{"start":{"line":22,"column":8},"end":{"line":26,"column":9}},"type":"if","locations":[{"start":{"line":22,"column":8},"end":{"line":26,"column":9}},{"start":{"line":24,"column":15},"end":{"line":26,"column":9}}],"line":22},"1":{"loc":{"start":{"line":24,"column":15},"end":{"line":26,"column":9}},"type":"if","locations":[{"start":{"line":24,"column":15},"end":{"line":26,"column":9}},{"start":{},"end":{}}],"line":24},"2":{"loc":{"start":{"line":28,"column":8},"end":{"line":32,"column":9}},"type":"if","locations":[{"start":{"line":28,"column":8},"end":{"line":32,"column":9}},{"start":{"line":30,"column":15},"end":{"line":32,"column":9}}],"line":28},"3":{"loc":{"start":{"line":30,"column":15},"end":{"line":32,"column":9}},"type":"if","locations":[{"start":{"line":30,"column":15},"end":{"line":32,"column":9}},{"start":{},"end":{}}],"line":30},"4":{"loc":{"start":{"line":34,"column":8},"end":{"line":38,"column":9}},"type":"if","locations":[{"start":{"line":34,"column":8},"end":{"line":38,"column":9}},{"start":{"line":36,"column":15},"end":{"line":38,"column":9}}],"line":34},"5":{"loc":{"start":{"line":36,"column":15},"end":{"line":38,"column":9}},"type":"if","locations":[{"start":{"line":36,"column":15},"end":{"line":38,"column":9}},{"start":{},"end":{}}],"line":36},"6":{"loc":{"start":{"line":40,"column":8},"end":{"line":44,"column":9}},"type":"if","locations":[{"start":{"line":40,"column":8},"end":{"line":44,"column":9}},{"start":{"line":42,"column":15},"end":{"line":44,"column":9}}],"line":40},"7":{"loc":{"start":{"line":42,"column":15},"end":{"line":44,"column":9}},"type":"if","locations":[{"start":{"line":42,"column":15},"end":{"line":44,"column":9}},{"start":{},"end":{}}],"line":42},"8":{"loc":{"start":{"line":57,"column":8},"end":{"line":62,"column":9}},"type":"if","locations":[{"start":{"line":57,"column":8},"end":{"line":62,"column":9}},{"start":{},"end":{}}],"line":57},"9":{"loc":{"start":{"line":68,"column":8},"end":{"line":70,"column":9}},"type":"if","locations":[{"start":{"line":68,"column":8},"end":{"line":70,"column":9}},{"start":{},"end":{}}],"line":68},"10":{"loc":{"start":{"line":84,"column":12},"end":{"line":89,"column":13}},"type":"if","locations":[{"start":{"line":84,"column":12},"end":{"line":89,"column":13}},{"start":{"line":87,"column":19},"end":{"line":89,"column":13}}],"line":84},"11":{"loc":{"start":{"line":88,"column":35},"end":{"line":88,"column":89}},"type":"binary-expr","locations":[{"start":{"line":88,"column":35},"end":{"line":88,"column":51}},{"start":{"line":88,"column":55},"end":{"line":88,"column":89}}],"line":88},"12":{"loc":{"start":{"line":122,"column":49},"end":{"line":122,"column":85}},"type":"cond-expr","locations":[{"start":{"line":122,"column":67},"end":{"line":122,"column":76}},{"start":{"line":122,"column":79},"end":{"line":122,"column":85}}],"line":122},"13":{"loc":{"start":{"line":128,"column":21},"end":{"line":132,"column":21}},"type":"binary-expr","locations":[{"start":{"line":128,"column":21},"end":{"line":128,"column":36}},{"start":{"line":129,"column":24},"end":{"line":131,"column":30}}],"line":128},"14":{"loc":{"start":{"line":148,"column":49},"end":{"line":148,"column":82}},"type":"cond-expr","locations":[{"start":{"line":148,"column":64},"end":{"line":148,"column":73}},{"start":{"line":148,"column":76},"end":{"line":148,"column":82}}],"line":148},"15":{"loc":{"start":{"line":154,"column":21},"end":{"line":158,"column":21}},"type":"binary-expr","locations":[{"start":{"line":154,"column":21},"end":{"line":154,"column":33}},{"start":{"line":155,"column":24},"end":{"line":157,"column":30}}],"line":154},"16":{"loc":{"start":{"line":174,"column":49},"end":{"line":174,"column":85}},"type":"cond-expr","locations":[{"start":{"line":174,"column":67},"end":{"line":174,"column":76}},{"start":{"line":174,"column":79},"end":{"line":174,"column":85}}],"line":174},"17":{"loc":{"start":{"line":180,"column":21},"end":{"line":184,"column":21}},"type":"binary-expr","locations":[{"start":{"line":180,"column":21},"end":{"line":180,"column":36}},{"start":{"line":181,"column":24},"end":{"line":183,"column":30}}],"line":180},"18":{"loc":{"start":{"line":200,"column":49},"end":{"line":200,"column":92}},"type":"cond-expr","locations":[{"start":{"line":200,"column":74},"end":{"line":200,"column":83}},{"start":{"line":200,"column":86},"end":{"line":200,"column":92}}],"line":200},"19":{"loc":{"start":{"line":206,"column":21},"end":{"line":210,"column":21}},"type":"binary-expr","locations":[{"start":{"line":206,"column":21},"end":{"line":206,"column":43}},{"start":{"line":207,"column":24},"end":{"line":209,"column":30}}],"line":206},"20":{"loc":{"start":{"line":224,"column":32},"end":{"line":224,"column":67}},"type":"cond-expr","locations":[{"start":{"line":224,"column":42},"end":{"line":224,"column":55}},{"start":{"line":224,"column":58},"end":{"line":224,"column":67}}],"line":224},"21":{"loc":{"start":{"line":225,"column":33},"end":{"line":225,"column":50}},"type":"cond-expr","locations":[{"start":{"line":225,"column":43},"end":{"line":225,"column":46}},{"start":{"line":225,"column":49},"end":{"line":225,"column":50}}],"line":225},"22":{"loc":{"start":{"line":228,"column":21},"end":{"line":228,"column":58}},"type":"cond-expr","locations":[{"start":{"line":228,"column":31},"end":{"line":228,"column":46}},{"start":{"line":228,"column":49},"end":{"line":228,"column":58}}],"line":228}},"s":{"0":1,"1":24,"2":24,"3":24,"4":24,"5":24,"6":3,"7":3,"8":1,"9":2,"10":0,"11":3,"12":1,"13":2,"14":0,"15":3,"16":1,"17":2,"18":0,"19":3,"20":1,"21":2,"22":0,"23":3,"24":3,"25":24,"26":12,"27":12,"28":12,"29":0,"30":24,"31":3,"32":3,"33":1,"34":2,"35":2,"36":2,"37":2,"38":2,"39":2,"40":2,"41":0,"42":0,"43":0,"44":2,"45":24},"f":{"0":24,"1":3,"2":12,"3":3},"b":{"0":[1,2],"1":[0,2],"2":[1,2],"3":[0,2],"4":[1,2],"5":[0,2],"6":[1,2],"7":[0,2],"8":[0,12],"9":[1,2],"10":[2,0],"11":[0,0],"12":[1,23],"13":[24,1],"14":[1,23],"15":[24,1],"16":[1,23],"17":[24,1],"18":[1,23],"19":[24,1],"20":[2,22],"21":[2,22],"22":[2,22]},"_coverageSchema":"1a1c01bbd47fc00a2c39e90264f33305004495a9","hash":"1e7d95825284b6ac182bc825d0dce362a355a5d6"}
,"/Users/debidyadav/Documents/FoodDelightFrontend/src/constants/index.ts": {"path":"/Users/debidyadav/Documents/FoodDelightFrontend/src/constants/index.ts","statementMap":{"0":{"start":{"line":2,"column":28},"end":{"line":2,"column":55}},"1":{"start":{"line":4,"column":29},"end":{"line":9,"column":10}},"2":{"start":{"line":12,"column":22},"end":{"line":16,"column":10}},"3":{"start":{"line":19,"column":26},"end":{"line":23,"column":10}},"4":{"start":{"line":26,"column":26},"end":{"line":30,"column":10}},"5":{"start":{"line":33,"column":18},"end":{"line":38,"column":10}},"6":{"start":{"line":41,"column":30},"end":{"line":49,"column":10}}},"fnMap":{},"branchMap":{},"s":{"0":4,"1":4,"2":4,"3":4,"4":4,"5":4,"6":4},"f":{},"b":{},"_coverageSchema":"1a1c01bbd47fc00a2c39e90264f33305004495a9","hash":"b3b90099963f7b62e78a7757aaec2e0e878f96b4"}
,"/Users/debidyadav/Documents/FoodDelightFrontend/src/hooks/useAuth.ts": {"path":"/Users/debidyadav/Documents/FoodDelightFrontend/src/hooks/useAuth.ts","statementMap":{"0":{"start":{"line":7,"column":23},"end":{"line":7,"column":34}},"1":{"start":{"line":8,"column":17},"end":{"line":8,"column":23}},"2":{"start":{"line":10,"column":23},"end":{"line":94,"column":1}},"3":{"start":{"line":11,"column":26},"end":{"line":11,"column":74}},"4":{"start":{"line":12,"column":32},"end":{"line":12,"column":47}},"5":{"start":{"line":13,"column":28},"end":{"line":13,"column":57}},"6":{"start":{"line":15,"column":26},"end":{"line":15,"column":59}},"7":{"start":{"line":17,"column":17},"end":{"line":46,"column":3}},"8":{"start":{"line":18,"column":4},"end":{"line":18,"column":21}},"9":{"start":{"line":19,"column":4},"end":{"line":19,"column":19}},"10":{"start":{"line":21,"column":4},"end":{"line":45,"column":5}},"11":{"start":{"line":22,"column":22},"end":{"line":27,"column":7}},"12":{"start":{"line":29,"column":37},"end":{"line":29,"column":63}},"13":{"start":{"line":31,"column":6},"end":{"line":38,"column":7}},"14":{"start":{"line":32,"column":8},"end":{"line":32,"column":72}},"15":{"start":{"line":33,"column":8},"end":{"line":33,"column":90}},"16":{"start":{"line":34,"column":8},"end":{"line":34,"column":20}},"17":{"start":{"line":36,"column":8},"end":{"line":36,"column":60}},"18":{"start":{"line":37,"column":8},"end":{"line":37,"column":21}},"19":{"start":{"line":40,"column":27},"end":{"line":40,"column":46}},"20":{"start":{"line":41,"column":6},"end":{"line":41,"column":29}},"21":{"start":{"line":42,"column":6},"end":{"line":42,"column":19}},"22":{"start":{"line":44,"column":6},"end":{"line":44,"column":24}},"23":{"start":{"line":48,"column":16},"end":{"line":71,"column":3}},"24":{"start":{"line":49,"column":4},"end":{"line":49,"column":21}},"25":{"start":{"line":50,"column":4},"end":{"line":50,"column":19}},"26":{"start":{"line":52,"column":4},"end":{"line":70,"column":5}},"27":{"start":{"line":53,"column":37},"end":{"line":53,"column":66}},"28":{"start":{"line":55,"column":6},"end":{"line":63,"column":7}},"29":{"start":{"line":56,"column":8},"end":{"line":56,"column":56}},"30":{"start":{"line":57,"column":8},"end":{"line":57,"column":57}},"31":{"start":{"line":58,"column":8},"end":{"line":58,"column":75}},"32":{"start":{"line":59,"column":8},"end":{"line":59,"column":20}},"33":{"start":{"line":61,"column":8},"end":{"line":61,"column":53}},"34":{"start":{"line":62,"column":8},"end":{"line":62,"column":21}},"35":{"start":{"line":65,"column":27},"end":{"line":65,"column":46}},"36":{"start":{"line":66,"column":6},"end":{"line":66,"column":29}},"37":{"start":{"line":67,"column":6},"end":{"line":67,"column":19}},"38":{"start":{"line":69,"column":6},"end":{"line":69,"column":24}},"39":{"start":{"line":73,"column":17},"end":{"line":78,"column":3}},"40":{"start":{"line":74,"column":4},"end":{"line":74,"column":39}},"41":{"start":{"line":75,"column":4},"end":{"line":75,"column":33}},"42":{"start":{"line":76,"column":4},"end":{"line":76,"column":18}},"43":{"start":{"line":77,"column":4},"end":{"line":77,"column":19}},"44":{"start":{"line":80,"column":21},"end":{"line":82,"column":3}},"45":{"start":{"line":81,"column":4},"end":{"line":81,"column":19}},"46":{"start":{"line":84,"column":2},"end":{"line":93,"column":4}}},"fnMap":{"0":{"name":"(anonymous_0)","decl":{"start":{"line":10,"column":23},"end":{"line":10,"column":24}},"loc":{"start":{"line":10,"column":29},"end":{"line":94,"column":1}},"line":10},"1":{"name":"(anonymous_1)","decl":{"start":{"line":17,"column":17},"end":{"line":17,"column":18}},"loc":{"start":{"line":17,"column":71},"end":{"line":46,"column":3}},"line":17},"2":{"name":"(anonymous_2)","decl":{"start":{"line":48,"column":16},"end":{"line":48,"column":17}},"loc":{"start":{"line":48,"column":69},"end":{"line":71,"column":3}},"line":48},"3":{"name":"(anonymous_3)","decl":{"start":{"line":73,"column":17},"end":{"line":73,"column":18}},"loc":{"start":{"line":73,"column":29},"end":{"line":78,"column":3}},"line":73},"4":{"name":"(anonymous_4)","decl":{"start":{"line":80,"column":21},"end":{"line":80,"column":22}},"loc":{"start":{"line":80,"column":33},"end":{"line":82,"column":3}},"line":80}},"branchMap":{"0":{"loc":{"start":{"line":31,"column":6},"end":{"line":38,"column":7}},"type":"if","locations":[{"start":{"line":31,"column":6},"end":{"line":38,"column":7}},{"start":{"line":35,"column":13},"end":{"line":38,"column":7}}],"line":31},"1":{"loc":{"start":{"line":36,"column":17},"end":{"line":36,"column":58}},"type":"binary-expr","locations":[{"start":{"line":36,"column":17},"end":{"line":36,"column":33}},{"start":{"line":36,"column":37},"end":{"line":36,"column":58}}],"line":36},"2":{"loc":{"start":{"line":55,"column":6},"end":{"line":63,"column":7}},"type":"if","locations":[{"start":{"line":55,"column":6},"end":{"line":63,"column":7}},{"start":{"line":60,"column":13},"end":{"line":63,"column":7}}],"line":55},"3":{"loc":{"start":{"line":55,"column":10},"end":{"line":55,"column":44}},"type":"binary-expr","locations":[{"start":{"line":55,"column":10},"end":{"line":55,"column":26}},{"start":{"line":55,"column":30},"end":{"line":55,"column":44}}],"line":55},"4":{"loc":{"start":{"line":61,"column":17},"end":{"line":61,"column":51}},"type":"binary-expr","locations":[{"start":{"line":61,"column":17},"end":{"line":61,"column":33}},{"start":{"line":61,"column":37},"end":{"line":61,"column":51}}],"line":61}},"s":{"0":0,"1":0,"2":0,"3":0,"4":0,"5":0,"6":0,"7":0,"8":0,"9":0,"10":0,"11":0,"12":0,"13":0,"14":0,"15":0,"16":0,"17":0,"18":0,"19":0,"20":0,"21":0,"22":0,"23":0,"24":0,"25":0,"26":0,"27":0,"28":0,"29":0,"30":0,"31":0,"32":0,"33":0,"34":0,"35":0,"36":0,"37":0,"38":0,"39":0,"40":0,"41":0,"42":0,"43":0,"44":0,"45":0,"46":0},"f":{"0":0,"1":0,"2":0,"3":0,"4":0},"b":{"0":[0,0],"1":[0,0],"2":[0,0],"3":[0,0],"4":[0,0]}}
,"/Users/debidyadav/Documents/FoodDelightFrontend/src/hooks/useRestaurants.ts": {"path":"/Users/debidyadav/Documents/FoodDelightFrontend/src/hooks/useRestaurants.ts","statementMap":{"0":{"start":{"line":6,"column":30},"end":{"line":57,"column":1}},"1":{"start":{"line":7,"column":40},"end":{"line":7,"column":66}},"2":{"start":{"line":8,"column":32},"end":{"line":8,"column":47}},"3":{"start":{"line":9,"column":28},"end":{"line":9,"column":57}},"4":{"start":{"line":11,"column":26},"end":{"line":24,"column":3}},"5":{"start":{"line":12,"column":4},"end":{"line":12,"column":21}},"6":{"start":{"line":13,"column":4},"end":{"line":13,"column":19}},"7":{"start":{"line":15,"column":4},"end":{"line":23,"column":5}},"8":{"start":{"line":16,"column":19},"end":{"line":16,"column":43}},"9":{"start":{"line":17,"column":6},"end":{"line":17,"column":27}},"10":{"start":{"line":19,"column":27},"end":{"line":19,"column":46}},"11":{"start":{"line":20,"column":6},"end":{"line":20,"column":29}},"12":{"start":{"line":22,"column":6},"end":{"line":22,"column":24}},"13":{"start":{"line":26,"column":28},"end":{"line":44,"column":3}},"14":{"start":{"line":27,"column":4},"end":{"line":30,"column":5}},"15":{"start":{"line":28,"column":6},"end":{"line":28,"column":30}},"16":{"start":{"line":29,"column":6},"end":{"line":29,"column":13}},"17":{"start":{"line":32,"column":4},"end":{"line":32,"column":21}},"18":{"start":{"line":33,"column":4},"end":{"line":33,"column":19}},"19":{"start":{"line":35,"column":4},"end":{"line":43,"column":5}},"20":{"start":{"line":36,"column":19},"end":{"line":36,"column":53}},"21":{"start":{"line":37,"column":6},"end":{"line":37,"column":27}},"22":{"start":{"line":39,"column":27},"end":{"line":39,"column":46}},"23":{"start":{"line":40,"column":6},"end":{"line":40,"column":29}},"24":{"start":{"line":42,"column":6},"end":{"line":42,"column":24}},"25":{"start":{"line":46,"column":2},"end":{"line":48,"column":9}},"26":{"start":{"line":47,"column":4},"end":{"line":47,"column":22}},"27":{"start":{"line":50,"column":2},"end":{"line":56,"column":4}}},"fnMap":{"0":{"name":"(anonymous_0)","decl":{"start":{"line":6,"column":30},"end":{"line":6,"column":31}},"loc":{"start":{"line":6,"column":36},"end":{"line":57,"column":1}},"line":6},"1":{"name":"(anonymous_1)","decl":{"start":{"line":11,"column":26},"end":{"line":11,"column":27}},"loc":{"start":{"line":11,"column":38},"end":{"line":24,"column":3}},"line":11},"2":{"name":"(anonymous_2)","decl":{"start":{"line":26,"column":28},"end":{"line":26,"column":29}},"loc":{"start":{"line":26,"column":58},"end":{"line":44,"column":3}},"line":26},"3":{"name":"(anonymous_3)","decl":{"start":{"line":46,"column":12},"end":{"line":46,"column":13}},"loc":{"start":{"line":46,"column":18},"end":{"line":48,"column":3}},"line":46}},"branchMap":{"0":{"loc":{"start":{"line":27,"column":4},"end":{"line":30,"column":5}},"type":"if","locations":[{"start":{"line":27,"column":4},"end":{"line":30,"column":5}},{"start":{},"end":{}}],"line":27}},"s":{"0":1,"1":26,"2":26,"3":26,"4":26,"5":11,"6":11,"7":11,"8":11,"9":11,"10":0,"11":0,"12":11,"13":26,"14":1,"15":1,"16":1,"17":0,"18":0,"19":0,"20":0,"21":0,"22":0,"23":0,"24":0,"25":26,"26":10,"27":26},"f":{"0":26,"1":11,"2":1,"3":10},"b":{"0":[1,0]},"_coverageSchema":"1a1c01bbd47fc00a2c39e90264f33305004495a9","hash":"0cd6677f37df9aad88c3c56864dacb457348f38e"}
,"/Users/debidyadav/Documents/FoodDelightFrontend/src/pages/App.tsx": {"path":"/Users/debidyadav/Documents/FoodDelightFrontend/src/pages/App.tsx","statementMap":{"0":{"start":{"line":8,"column":22},"end":{"line":112,"column":1}},"1":{"start":{"line":9,"column":19},"end":{"line":9,"column":32}},"2":{"start":{"line":10,"column":61},"end":{"line":10,"column":77}},"3":{"start":{"line":12,"column":17},"end":{"line":14,"column":3}},"4":{"start":{"line":13,"column":4},"end":{"line":13,"column":28}},"5":{"start":{"line":16,"column":16},"end":{"line":18,"column":3}},"6":{"start":{"line":17,"column":4},"end":{"line":17,"column":27}},"7":{"start":{"line":20,"column":23},"end":{"line":22,"column":3}},"8":{"start":{"line":21,"column":4},"end":{"line":21,"column":40}},"9":{"start":{"line":24,"column":35},"end":{"line":60,"column":3}},"10":{"start":{"line":25,"column":4},"end":{"line":31,"column":5}},"11":{"start":{"line":26,"column":6},"end":{"line":30,"column":8}},"12":{"start":{"line":33,"column":4},"end":{"line":39,"column":5}},"13":{"start":{"line":34,"column":6},"end":{"line":38,"column":8}},"14":{"start":{"line":41,"column":4},"end":{"line":47,"column":5}},"15":{"start":{"line":42,"column":6},"end":{"line":46,"column":8}},"16":{"start":{"line":49,"column":4},"end":{"line":59,"column":6}},"17":{"start":{"line":56,"column":10},"end":{"line":56,"column":71}},"18":{"start":{"line":62,"column":2},"end":{"line":111,"column":4}}},"fnMap":{"0":{"name":"(anonymous_0)","decl":{"start":{"line":8,"column":22},"end":{"line":8,"column":23}},"loc":{"start":{"line":8,"column":28},"end":{"line":112,"column":1}},"line":8},"1":{"name":"(anonymous_1)","decl":{"start":{"line":12,"column":17},"end":{"line":12,"column":18}},"loc":{"start":{"line":12,"column":23},"end":{"line":14,"column":3}},"line":12},"2":{"name":"(anonymous_2)","decl":{"start":{"line":16,"column":16},"end":{"line":16,"column":17}},"loc":{"start":{"line":16,"column":22},"end":{"line":18,"column":3}},"line":16},"3":{"name":"(anonymous_3)","decl":{"start":{"line":20,"column":23},"end":{"line":20,"column":24}},"loc":{"start":{"line":20,"column":53},"end":{"line":22,"column":3}},"line":20},"4":{"name":"(anonymous_4)","decl":{"start":{"line":24,"column":35},"end":{"line":24,"column":36}},"loc":{"start":{"line":24,"column":41},"end":{"line":60,"column":3}},"line":24},"5":{"name":"(anonymous_5)","decl":{"start":{"line":55,"column":25},"end":{"line":55,"column":26}},"loc":{"start":{"line":56,"column":10},"end":{"line":56,"column":71}},"line":56}},"branchMap":{"0":{"loc":{"start":{"line":25,"column":4},"end":{"line":31,"column":5}},"type":"if","locations":[{"start":{"line":25,"column":4},"end":{"line":31,"column":5}},{"start":{},"end":{}}],"line":25},"1":{"loc":{"start":{"line":33,"column":4},"end":{"line":39,"column":5}},"type":"if","locations":[{"start":{"line":33,"column":4},"end":{"line":39,"column":5}},{"start":{},"end":{}}],"line":33},"2":{"loc":{"start":{"line":41,"column":4},"end":{"line":47,"column":5}},"type":"if","locations":[{"start":{"line":41,"column":4},"end":{"line":47,"column":5}},{"start":{},"end":{}}],"line":41}},"s":{"0":1,"1":26,"2":26,"3":26,"4":1,"5":26,"6":1,"7":26,"8":1,"9":26,"10":26,"11":11,"12":15,"13":0,"14":15,"15":12,"16":3,"17":6,"18":26},"f":{"0":26,"1":1,"2":1,"3":1,"4":26,"5":6},"b":{"0":[11,15],"1":[0,15],"2":[12,3]},"_coverageSchema":"1a1c01bbd47fc00a2c39e90264f33305004495a9","hash":"1ca6e4c7b22c1bb3ace9503a7879053eb9555ae1"}
,"/Users/debidyadav/Documents/FoodDelightFrontend/src/pages/Routes.tsx": {"path":"/Users/debidyadav/Documents/FoodDelightFrontend/src/pages/Routes.tsx","statementMap":{"0":{"start":{"line":7,"column":28},"end":{"line":15,"column":1}},"1":{"start":{"line":8,"column":2},"end":{"line":14,"column":4}}},"fnMap":{"0":{"name":"(anonymous_0)","decl":{"start":{"line":7,"column":28},"end":{"line":7,"column":29}},"loc":{"start":{"line":7,"column":34},"end":{"line":15,"column":1}},"line":7}},"branchMap":{},"s":{"0":1,"1":4},"f":{"0":4},"b":{},"_coverageSchema":"1a1c01bbd47fc00a2c39e90264f33305004495a9","hash":"d7f7d14e1e9dc3202b224b40e3c197950a98c894"}
,"/Users/debidyadav/Documents/FoodDelightFrontend/src/services/apiService.ts": {"path":"/Users/debidyadav/Documents/FoodDelightFrontend/src/services/apiService.ts","statementMap":{"0":{"start":{"line":6,"column":32},"end":{"line":9,"column":1}},"1":{"start":{"line":7,"column":19},"end":{"line":7,"column":61}},"2":{"start":{"line":8,"column":2},"end":{"line":8,"column":23}},"3":{"start":{"line":12,"column":32},"end":{"line":17,"column":1}},"4":{"start":{"line":13,"column":19},"end":{"line":15,"column":4}},"5":{"start":{"line":16,"column":2},"end":{"line":16,"column":23}},"6":{"start":{"line":20,"column":27},"end":{"line":23,"column":1}},"7":{"start":{"line":21,"column":19},"end":{"line":21,"column":67}},"8":{"start":{"line":22,"column":2},"end":{"line":22,"column":23}},"9":{"start":{"line":26,"column":29},"end":{"line":29,"column":1}},"10":{"start":{"line":27,"column":19},"end":{"line":27,"column":66}},"11":{"start":{"line":28,"column":2},"end":{"line":28,"column":23}}},"fnMap":{"0":{"name":"(anonymous_0)","decl":{"start":{"line":6,"column":32},"end":{"line":6,"column":33}},"loc":{"start":{"line":6,"column":67},"end":{"line":9,"column":1}},"line":6},"1":{"name":"(anonymous_1)","decl":{"start":{"line":12,"column":32},"end":{"line":12,"column":33}},"loc":{"start":{"line":12,"column":85},"end":{"line":17,"column":1}},"line":12},"2":{"name":"(anonymous_2)","decl":{"start":{"line":20,"column":27},"end":{"line":20,"column":28}},"loc":{"start":{"line":20,"column":86},"end":{"line":23,"column":1}},"line":20},"3":{"name":"(anonymous_3)","decl":{"start":{"line":26,"column":29},"end":{"line":26,"column":30}},"loc":{"start":{"line":26,"column":87},"end":{"line":29,"column":1}},"line":26}},"branchMap":{},"s":{"0":1,"1":2,"2":1,"3":1,"4":2,"5":1,"6":1,"7":2,"8":1,"9":1,"10":2,"11":1},"f":{"0":2,"1":2,"2":2,"3":2},"b":{},"_coverageSchema":"1a1c01bbd47fc00a2c39e90264f33305004495a9","hash":"2a20978b5a5c0001fb29dc745c9b5051f4e179e6"}
,"/Users/debidyadav/Documents/FoodDelightFrontend/src/types/index.ts": {"path":"/Users/debidyadav/Documents/FoodDelightFrontend/src/types/index.ts","statementMap":{},"fnMap":{},"branchMap":{},"s":{},"f":{},"b":{}}
,"/Users/debidyadav/Documents/FoodDelightFrontend/src/utils/index.ts": {"path":"/Users/debidyadav/Documents/FoodDelightFrontend/src/utils/index.ts","statementMap":{"0":{"start":{"line":2,"column":29},"end":{"line":5,"column":1}},"1":{"start":{"line":3,"column":21},"end":{"line":3,"column":49}},"2":{"start":{"line":4,"column":2},"end":{"line":4,"column":32}},"3":{"start":{"line":7,"column":32},"end":{"line":9,"column":1}},"4":{"start":{"line":8,"column":2},"end":{"line":8,"column":30}},"5":{"start":{"line":11,"column":32},"end":{"line":13,"column":1}},"6":{"start":{"line":12,"column":2},"end":{"line":12,"column":55}},"7":{"start":{"line":16,"column":37},"end":{"line":18,"column":1}},"8":{"start":{"line":17,"column":2},"end":{"line":17,"column":66}},"9":{"start":{"line":20,"column":28},"end":{"line":23,"column":1}},"10":{"start":{"line":21,"column":2},"end":{"line":21,"column":44}},"11":{"start":{"line":21,"column":32},"end":{"line":21,"column":44}},"12":{"start":{"line":22,"column":2},"end":{"line":22,"column":42}},"13":{"start":{"line":26,"column":33},"end":{"line":36,"column":1}},"14":{"start":{"line":30,"column":2},"end":{"line":30,"column":38}},"15":{"start":{"line":30,"column":19},"end":{"line":30,"column":38}},"16":{"start":{"line":32,"column":2},"end":{"line":35,"column":4}},"17":{"start":{"line":33,"column":4},"end":{"line":34,"column":70}},"18":{"start":{"line":39,"column":30},"end":{"line":47,"column":1}},"19":{"start":{"line":40,"column":2},"end":{"line":42,"column":3}},"20":{"start":{"line":41,"column":4},"end":{"line":41,"column":63}},"21":{"start":{"line":43,"column":2},"end":{"line":45,"column":3}},"22":{"start":{"line":44,"column":4},"end":{"line":44,"column":58}},"23":{"start":{"line":46,"column":2},"end":{"line":46,"column":57}},"24":{"start":{"line":50,"column":31},"end":{"line":56,"column":1}},"25":{"start":{"line":51,"column":2},"end":{"line":55,"column":3}},"26":{"start":{"line":52,"column":4},"end":{"line":52,"column":53}},"27":{"start":{"line":54,"column":4},"end":{"line":54,"column":58}},"28":{"start":{"line":58,"column":31},"end":{"line":66,"column":1}},"29":{"start":{"line":59,"column":2},"end":{"line":65,"column":3}},"30":{"start":{"line":60,"column":17},"end":{"line":60,"column":42}},"31":{"start":{"line":61,"column":4},"end":{"line":61,"column":42}},"32":{"start":{"line":63,"column":4},"end":{"line":63,"column":61}},"33":{"start":{"line":64,"column":4},"end":{"line":64,"column":16}},"34":{"start":{"line":68,"column":34},"end":{"line":74,"column":1}},"35":{"start":{"line":69,"column":2},"end":{"line":73,"column":3}},"36":{"start":{"line":70,"column":4},"end":{"line":70,"column":33}},"37":{"start":{"line":72,"column":4},"end":{"line":72,"column":62}}},"fnMap":{"0":{"name":"(anonymous_0)","decl":{"start":{"line":2,"column":29},"end":{"line":2,"column":30}},"loc":{"start":{"line":2,"column":57},"end":{"line":5,"column":1}},"line":2},"1":{"name":"(anonymous_1)","decl":{"start":{"line":7,"column":32},"end":{"line":7,"column":33}},"loc":{"start":{"line":7,"column":63},"end":{"line":9,"column":1}},"line":7},"2":{"name":"(anonymous_2)","decl":{"start":{"line":11,"column":32},"end":{"line":11,"column":33}},"loc":{"start":{"line":11,"column":63},"end":{"line":13,"column":1}},"line":11},"3":{"name":"(anonymous_3)","decl":{"start":{"line":16,"column":37},"end":{"line":16,"column":38}},"loc":{"start":{"line":16,"column":62},"end":{"line":18,"column":1}},"line":16},"4":{"name":"(anonymous_4)","decl":{"start":{"line":20,"column":28},"end":{"line":20,"column":29}},"loc":{"start":{"line":20,"column":73},"end":{"line":23,"column":1}},"line":20},"5":{"name":"(anonymous_5)","decl":{"start":{"line":26,"column":33},"end":{"line":26,"column":34}},"loc":{"start":{"line":29,"column":12},"end":{"line":36,"column":1}},"line":29},"6":{"name":"(anonymous_6)","decl":{"start":{"line":32,"column":28},"end":{"line":32,"column":29}},"loc":{"start":{"line":33,"column":4},"end":{"line":34,"column":70}},"line":33},"7":{"name":"(anonymous_7)","decl":{"start":{"line":39,"column":30},"end":{"line":39,"column":31}},"loc":{"start":{"line":39,"column":54},"end":{"line":47,"column":1}},"line":39},"8":{"name":"(anonymous_8)","decl":{"start":{"line":50,"column":31},"end":{"line":50,"column":32}},"loc":{"start":{"line":50,"column":66},"end":{"line":56,"column":1}},"line":50},"9":{"name":"(anonymous_9)","decl":{"start":{"line":58,"column":31},"end":{"line":58,"column":32}},"loc":{"start":{"line":58,"column":53},"end":{"line":66,"column":1}},"line":58},"10":{"name":"(anonymous_10)","decl":{"start":{"line":68,"column":34},"end":{"line":68,"column":35}},"loc":{"start":{"line":68,"column":57},"end":{"line":74,"column":1}},"line":68}},"branchMap":{"0":{"loc":{"start":{"line":12,"column":9},"end":{"line":12,"column":54}},"type":"binary-expr","locations":[{"start":{"line":12,"column":9},"end":{"line":12,"column":29}},{"start":{"line":12,"column":33},"end":{"line":12,"column":54}}],"line":12},"1":{"loc":{"start":{"line":21,"column":2},"end":{"line":21,"column":44}},"type":"if","locations":[{"start":{"line":21,"column":2},"end":{"line":21,"column":44}},{"start":{},"end":{}}],"line":21},"2":{"loc":{"start":{"line":30,"column":2},"end":{"line":30,"column":38}},"type":"if","locations":[{"start":{"line":30,"column":2},"end":{"line":30,"column":38}},{"start":{},"end":{}}],"line":30},"3":{"loc":{"start":{"line":33,"column":4},"end":{"line":34,"column":70}},"type":"binary-expr","locations":[{"start":{"line":33,"column":4},"end":{"line":33,"column":68}},{"start":{"line":34,"column":4},"end":{"line":34,"column":70}}],"line":33},"4":{"loc":{"start":{"line":40,"column":2},"end":{"line":42,"column":3}},"type":"if","locations":[{"start":{"line":40,"column":2},"end":{"line":42,"column":3}},{"start":{},"end":{}}],"line":40},"5":{"loc":{"start":{"line":41,"column":11},"end":{"line":41,"column":62}},"type":"binary-expr","locations":[{"start":{"line":41,"column":11},"end":{"line":41,"column":39}},{"start":{"line":41,"column":43},"end":{"line":41,"column":62}}],"line":41},"6":{"loc":{"start":{"line":43,"column":2},"end":{"line":45,"column":3}},"type":"if","locations":[{"start":{"line":43,"column":2},"end":{"line":45,"column":3}},{"start":{},"end":{}}],"line":43},"7":{"loc":{"start":{"line":46,"column":9},"end":{"line":46,"column":56}},"type":"binary-expr","locations":[{"start":{"line":46,"column":9},"end":{"line":46,"column":22}},{"start":{"line":46,"column":26},"end":{"line":46,"column":56}}],"line":46},"8":{"loc":{"start":{"line":61,"column":11},"end":{"line":61,"column":41}},"type":"cond-expr","locations":[{"start":{"line":61,"column":18},"end":{"line":61,"column":34}},{"start":{"line":61,"column":37},"end":{"line":61,"column":41}}],"line":61}},"s":{"0":3,"1":5,"2":5,"3":3,"4":2,"5":3,"6":2,"7":3,"8":0,"9":3,"10":0,"11":0,"12":0,"13":3,"14":0,"15":0,"16":0,"17":0,"18":3,"19":0,"20":0,"21":0,"22":0,"23":0,"24":3,"25":0,"26":0,"27":0,"28":3,"29":0,"30":0,"31":0,"32":0,"33":0,"34":3,"35":0,"36":0,"37":0},"f":{"0":5,"1":2,"2":2,"3":0,"4":0,"5":0,"6":0,"7":0,"8":0,"9":0,"10":0},"b":{"0":[2,2],"1":[0,0],"2":[0,0],"3":[0,0],"4":[0,0],"5":[0,0],"6":[0,0],"7":[0,0],"8":[0,0]},"_coverageSchema":"1a1c01bbd47fc00a2c39e90264f33305004495a9","hash":"5ea1d285233884c9cae67ed45cd8dc612486e7c7"}
}
