TN:
SF:src/index.tsx
FNF:0
FNH:0
DA:7,0
DA:11,0
LF:2
LH:0
BRF:0
BRH:0
end_of_record
TN:
SF:src/components/common/CardComponent.tsx
FN:5,(anonymous_0)
FN:20,(anonymous_1)
FN:24,(anonymous_2)
FNF:3
FNH:0
FNDA:0,(anonymous_0)
FNDA:0,(anonymous_1)
FNDA:0,(anonymous_2)
DA:5,0
DA:6,0
DA:8,0
DA:21,0
DA:22,0
DA:25,0
DA:26,0
LF:7
LH:0
BRF:0
BRH:0
end_of_record
TN:
SF:src/components/common/SearchBar.tsx
FN:7,(anonymous_0)
FN:11,(anonymous_1)
FN:30,(anonymous_2)
FNF:3
FNH:3
FNDA:16,(anonymous_0)
FNDA:3,(anonymous_1)
FNDA:4,(anonymous_2)
DA:7,1
DA:8,16
DA:9,16
DA:11,16
DA:12,3
DA:13,3
DA:15,3
DA:16,3
DA:18,0
DA:20,3
DA:24,16
DA:30,4
LF:12
LH:11
BRDA:51,0,0,3
BRDA:51,0,1,13
BRDA:52,1,0,3
BRDA:52,1,1,13
BRDA:55,2,0,3
BRDA:55,2,1,13
BRF:6
BRH:6
end_of_record
TN:
SF:src/components/forms/LoginForm.tsx
FN:8,(anonymous_0)
FN:17,(anonymous_1)
FN:34,(anonymous_2)
FN:49,(anonymous_3)
FNF:4
FNH:4
FNDA:23,(anonymous_0)
FNDA:4,(anonymous_1)
FNDA:8,(anonymous_2)
FNDA:4,(anonymous_3)
DA:8,1
DA:9,23
DA:10,23
DA:14,23
DA:15,23
DA:17,23
DA:18,4
DA:20,4
DA:21,1
DA:22,3
DA:23,0
DA:26,4
DA:27,1
DA:30,4
DA:31,4
DA:34,23
DA:35,8
DA:36,8
DA:41,8
DA:42,0
DA:49,23
DA:50,4
DA:52,4
DA:53,1
DA:56,3
DA:58,3
DA:59,3
DA:61,3
DA:62,3
DA:63,3
DA:65,0
DA:68,0
DA:69,0
DA:71,3
DA:75,23
LF:35
LH:30
BRDA:20,0,0,1
BRDA:20,0,1,3
BRDA:22,1,0,0
BRDA:22,1,1,3
BRDA:26,2,0,1
BRDA:26,2,1,3
BRDA:41,3,0,0
BRDA:41,3,1,8
BRDA:52,4,0,1
BRDA:52,4,1,3
BRDA:61,5,0,3
BRDA:61,5,1,0
BRDA:65,6,0,0
BRDA:65,6,1,0
BRDA:99,7,0,1
BRDA:99,7,1,22
BRDA:105,8,0,23
BRDA:105,8,1,1
BRDA:125,9,0,1
BRDA:125,9,1,22
BRDA:131,10,0,23
BRDA:131,10,1,1
BRDA:149,11,0,3
BRDA:149,11,1,20
BRDA:150,12,0,3
BRDA:150,12,1,20
BRDA:153,13,0,3
BRDA:153,13,1,20
BRF:28
BRH:23
end_of_record
TN:
SF:src/components/forms/SignUpForm.tsx
FN:8,(anonymous_0)
FN:19,(anonymous_1)
FN:50,(anonymous_2)
FN:65,(anonymous_3)
FNF:4
FNH:4
FNDA:24,(anonymous_0)
FNDA:3,(anonymous_1)
FNDA:12,(anonymous_2)
FNDA:3,(anonymous_3)
DA:8,1
DA:9,24
DA:10,24
DA:16,24
DA:17,24
DA:19,24
DA:20,3
DA:22,3
DA:23,1
DA:24,2
DA:25,0
DA:28,3
DA:29,1
DA:30,2
DA:31,0
DA:34,3
DA:35,1
DA:36,2
DA:37,0
DA:40,3
DA:41,1
DA:42,2
DA:43,0
DA:46,3
DA:47,3
DA:50,24
DA:51,12
DA:52,12
DA:57,12
DA:58,0
DA:65,24
DA:66,3
DA:68,3
DA:69,1
DA:72,2
DA:74,2
DA:75,2
DA:82,2
DA:84,2
DA:85,2
DA:86,2
DA:88,0
DA:91,0
DA:92,0
DA:94,2
DA:98,24
LF:46
LH:38
BRDA:22,0,0,1
BRDA:22,0,1,2
BRDA:24,1,0,0
BRDA:24,1,1,2
BRDA:28,2,0,1
BRDA:28,2,1,2
BRDA:30,3,0,0
BRDA:30,3,1,2
BRDA:34,4,0,1
BRDA:34,4,1,2
BRDA:36,5,0,0
BRDA:36,5,1,2
BRDA:40,6,0,1
BRDA:40,6,1,2
BRDA:42,7,0,0
BRDA:42,7,1,2
BRDA:57,8,0,0
BRDA:57,8,1,12
BRDA:68,9,0,1
BRDA:68,9,1,2
BRDA:84,10,0,2
BRDA:84,10,1,0
BRDA:88,11,0,0
BRDA:88,11,1,0
BRDA:122,12,0,1
BRDA:122,12,1,23
BRDA:128,13,0,24
BRDA:128,13,1,1
BRDA:148,14,0,1
BRDA:148,14,1,23
BRDA:154,15,0,24
BRDA:154,15,1,1
BRDA:174,16,0,1
BRDA:174,16,1,23
BRDA:180,17,0,24
BRDA:180,17,1,1
BRDA:200,18,0,1
BRDA:200,18,1,23
BRDA:206,19,0,24
BRDA:206,19,1,1
BRDA:224,20,0,2
BRDA:224,20,1,22
BRDA:225,21,0,2
BRDA:225,21,1,22
BRDA:228,22,0,2
BRDA:228,22,1,22
BRF:46
BRH:38
end_of_record
TN:
SF:src/constants/index.ts
FNF:0
FNH:0
DA:2,4
DA:4,4
DA:12,4
DA:19,4
DA:26,4
DA:33,4
DA:41,4
LF:7
LH:7
BRF:0
BRH:0
end_of_record
TN:
SF:src/hooks/useAuth.ts
FN:10,(anonymous_0)
FN:17,(anonymous_1)
FN:48,(anonymous_2)
FN:73,(anonymous_3)
FN:80,(anonymous_4)
FNF:5
FNH:0
FNDA:0,(anonymous_0)
FNDA:0,(anonymous_1)
FNDA:0,(anonymous_2)
FNDA:0,(anonymous_3)
FNDA:0,(anonymous_4)
DA:7,0
DA:8,0
DA:10,0
DA:11,0
DA:12,0
DA:13,0
DA:15,0
DA:17,0
DA:18,0
DA:19,0
DA:21,0
DA:22,0
DA:29,0
DA:31,0
DA:32,0
DA:33,0
DA:34,0
DA:36,0
DA:37,0
DA:40,0
DA:41,0
DA:42,0
DA:44,0
DA:48,0
DA:49,0
DA:50,0
DA:52,0
DA:53,0
DA:55,0
DA:56,0
DA:57,0
DA:58,0
DA:59,0
DA:61,0
DA:62,0
DA:65,0
DA:66,0
DA:67,0
DA:69,0
DA:73,0
DA:74,0
DA:75,0
DA:76,0
DA:77,0
DA:80,0
DA:81,0
DA:84,0
LF:47
LH:0
BRDA:31,0,0,0
BRDA:31,0,1,0
BRDA:36,1,0,0
BRDA:36,1,1,0
BRDA:55,2,0,0
BRDA:55,2,1,0
BRDA:55,3,0,0
BRDA:55,3,1,0
BRDA:61,4,0,0
BRDA:61,4,1,0
BRF:10
BRH:0
end_of_record
TN:
SF:src/hooks/useRestaurants.ts
FN:6,(anonymous_0)
FN:11,(anonymous_1)
FN:26,(anonymous_2)
FN:46,(anonymous_3)
FNF:4
FNH:4
FNDA:26,(anonymous_0)
FNDA:11,(anonymous_1)
FNDA:1,(anonymous_2)
FNDA:10,(anonymous_3)
DA:6,1
DA:7,26
DA:8,26
DA:9,26
DA:11,26
DA:12,11
DA:13,11
DA:15,11
DA:16,11
DA:17,11
DA:19,0
DA:20,0
DA:22,11
DA:26,26
DA:27,1
DA:28,1
DA:29,1
DA:32,0
DA:33,0
DA:35,0
DA:36,0
DA:37,0
DA:39,0
DA:40,0
DA:42,0
DA:46,26
DA:47,10
DA:50,26
LF:28
LH:18
BRDA:27,0,0,1
BRDA:27,0,1,0
BRF:2
BRH:1
end_of_record
TN:
SF:src/pages/App.tsx
FN:8,(anonymous_0)
FN:12,(anonymous_1)
FN:16,(anonymous_2)
FN:20,(anonymous_3)
FN:24,(anonymous_4)
FN:55,(anonymous_5)
FNF:6
FNH:6
FNDA:26,(anonymous_0)
FNDA:1,(anonymous_1)
FNDA:1,(anonymous_2)
FNDA:1,(anonymous_3)
FNDA:26,(anonymous_4)
FNDA:6,(anonymous_5)
DA:8,1
DA:9,26
DA:10,26
DA:12,26
DA:13,1
DA:16,26
DA:17,1
DA:20,26
DA:21,1
DA:24,26
DA:25,26
DA:26,11
DA:33,15
DA:34,0
DA:41,15
DA:42,12
DA:49,3
DA:56,6
DA:62,26
LF:19
LH:18
BRDA:25,0,0,11
BRDA:25,0,1,15
BRDA:33,1,0,0
BRDA:33,1,1,15
BRDA:41,2,0,12
BRDA:41,2,1,3
BRF:6
BRH:5
end_of_record
TN:
SF:src/pages/Routes.tsx
FN:7,(anonymous_0)
FNF:1
FNH:1
FNDA:4,(anonymous_0)
DA:7,1
DA:8,4
LF:2
LH:2
BRF:0
BRH:0
end_of_record
TN:
SF:src/services/apiService.ts
FN:6,(anonymous_0)
FN:12,(anonymous_1)
FN:20,(anonymous_2)
FN:26,(anonymous_3)
FNF:4
FNH:4
FNDA:2,(anonymous_0)
FNDA:2,(anonymous_1)
FNDA:2,(anonymous_2)
FNDA:2,(anonymous_3)
DA:6,1
DA:7,2
DA:8,1
DA:12,1
DA:13,2
DA:16,1
DA:20,1
DA:21,2
DA:22,1
DA:26,1
DA:27,2
DA:28,1
LF:12
LH:12
BRF:0
BRH:0
end_of_record
TN:
SF:src/types/index.ts
FNF:0
FNH:0
LF:0
LH:0
BRF:0
BRH:0
end_of_record
TN:
SF:src/utils/index.ts
FN:2,(anonymous_0)
FN:7,(anonymous_1)
FN:11,(anonymous_2)
FN:16,(anonymous_3)
FN:20,(anonymous_4)
FN:26,(anonymous_5)
FN:32,(anonymous_6)
FN:39,(anonymous_7)
FN:50,(anonymous_8)
FN:58,(anonymous_9)
FN:68,(anonymous_10)
FNF:11
FNH:3
FNDA:5,(anonymous_0)
FNDA:2,(anonymous_1)
FNDA:2,(anonymous_2)
FNDA:0,(anonymous_3)
FNDA:0,(anonymous_4)
FNDA:0,(anonymous_5)
FNDA:0,(anonymous_6)
FNDA:0,(anonymous_7)
FNDA:0,(anonymous_8)
FNDA:0,(anonymous_9)
FNDA:0,(anonymous_10)
DA:2,3
DA:3,5
DA:4,5
DA:7,3
DA:8,2
DA:11,3
DA:12,2
DA:16,3
DA:17,0
DA:20,3
DA:21,0
DA:22,0
DA:26,3
DA:30,0
DA:32,0
DA:33,0
DA:39,3
DA:40,0
DA:41,0
DA:43,0
DA:44,0
DA:46,0
DA:50,3
DA:51,0
DA:52,0
DA:54,0
DA:58,3
DA:59,0
DA:60,0
DA:61,0
DA:63,0
DA:64,0
DA:68,3
DA:69,0
DA:70,0
DA:72,0
LF:36
LH:14
BRDA:12,0,0,2
BRDA:12,0,1,2
BRDA:21,1,0,0
BRDA:21,1,1,0
BRDA:30,2,0,0
BRDA:30,2,1,0
BRDA:33,3,0,0
BRDA:33,3,1,0
BRDA:40,4,0,0
BRDA:40,4,1,0
BRDA:41,5,0,0
BRDA:41,5,1,0
BRDA:43,6,0,0
BRDA:43,6,1,0
BRDA:46,7,0,0
BRDA:46,7,1,0
BRDA:61,8,0,0
BRDA:61,8,1,0
BRF:18
BRH:2
end_of_record
